28/07/2021 21:06:13 - 1075890445 - Brenda digitou comando /valorTotal
28/07/2021 21:07:55 - 1044845563 - Fernando digitou comando /guardarFernando
28/07/2021 21:08:43 - 1044845563 - Fernando digitou comando /valorTotal
28/07/2021 22:41:55 - 1044845563 - Fernando digitou comando /valorTotal
28/07/2021 22:41:57 - 1044845563 - Fernando digitou comando /valorTotal
28/07/2021 22:41:57 - 1044845563 - Fernando digitou comando /valorTotal
28/07/2021 22:41:57 - 1044845563 - Fernando digitou comando /valorTotal
28/07/2021 22:41:58 - 1044845563 - Fernando digitou comando /valorTotal
28/07/2021 22:41:58 - 1044845563 - Fernando digitou comando /valorTotal
28/07/2021 22:41:58 - 1044845563 - Fernando digitou comando /valorTotal
28/07/2021 22:41:59 - 1044845563 - Fernando digitou comando /valorTotal
28/07/2021 22:41:59 - 1044845563 - Fernando digitou comando /help
28/07/2021 22:42:00 - 1044845563 - Fernando digitou comando /help
28/07/2021 22:42:00 - 1044845563 - Fernando digitou comando /help
28/07/2021 22:42:01 - 1044845563 - Fernando digitou comando /help
28/07/2021 22:42:01 - 1044845563 - Fernando digitou comando /help
28/07/2021 22:42:12 - 1044845563 - Fernando digitou comando /help
28/07/2021 22:42:18 - 1044845563 - Fernando digitou comando /relacaoMensal
28/07/2021 22:43:11 - 1044845563 - Fernando digitou comando /help
28/07/2021 22:44:33 - 1044845563 - Fernando digitou comando /valorTotal
28/07/2021 22:45:25 - 1044845563 - Fernando digitou comando /valorTotal
28/07/2021 22:50:39 - 1044845563 - Fernando digitou comando /valorTotal
28/07/2021 22:54:36 - 1044845563 - Fernando digitou comando /valorTotal
28/07/2021 23:04:48 - 1044845563 - Fernando digitou comando /valorTotal
28/07/2021 23:19:41 - 1044845563 - Fernando digitou comando /help
28/07/2021 23:46:09 - 1044845563 - Fernando digitou comando /valorTotal
29/07/2021 09:54:32 - 1044845563 - Fernando digitou comando /valorTotal
30/07/2021 12:31:16 - 1044845563 - Fernando digitou comando /valorTotal
31/07/2021 13:40:17 - 1044845563 - Fernando digitou comando /valorTotal
03/08/2021 17:30:57 - 1044845563 - Fernando digitou comando /valorTotal
03/08/2021 17:31:44 - 1044845563 - Fernando digitou comando /guardarRendimento
03/08/2021 17:31:48 - 1044845563 - Fernando digitou comando /valorTotal
04/08/2021 18:31:37 - 1044845563 - Fernando digitou comando /relacaoMensal
05/08/2021 21:08:42 - 1044845563 - Fernando digitou comando /valorTotal
06/08/2021 12:29:55 - 1044845563 - Fernando digitou comando /valorTotal
06/08/2021 20:07:40 - 1044845563 - Fernando digitou comando /help
06/08/2021 20:08:00 - 1044845563 - Fernando digitou comando /guardarRendimento
06/08/2021 20:12:52 - 1044845563 - Fernando digitou comando /guardarFernando
06/08/2021 20:13:02 - 1044845563 - Fernando digitou comando /valorTotal
06/08/2021 20:19:58 - 1075890445 - Brenda digitou comando /guardarBrenda
06/08/2021 20:20:06 - 1075890445 - Brenda digitou comando /valorTotal
06/08/2021 20:57:29 - 1044845563 - Fernando digitou comando /relacaoMensal
06/08/2021 20:58:42 - 1044845563 - Fernando digitou comando /relacaoFernando
06/08/2021 20:58:53 - 1044845563 - Fernando digitou comando /relacaoBrenda
09/08/2021 21:09:58 - 1075890445 - Brenda digitou comando /guardarBrenda
09/08/2021 21:10:06 - 1075890445 - Brenda digitou comando /guardarBrenda
09/08/2021 22:31:48 - 1044845563 - Fernando digitou comando /guardarBrenda
09/08/2021 22:31:57 - 1044845563 - Fernando digitou comando /valorTotal
09/08/2021 22:33:14 - 1044845563 - Fernando digitou comando /relacaoBrenda
09/08/2021 22:38:41 - 1044845563 - Fernando digitou comando /relacaoBrenda
09/08/2021 22:38:49 - 1044845563 - Fernando digitou comando /valorTotal
09/08/2021 22:39:25 - 1044845563 - Fernando digitou comando /guardarRendimento
09/08/2021 22:39:28 - 1044845563 - Fernando digitou comando /valorTotal
12/08/2021 22:35:40 - 1075890445 - Brenda digitou comando /guardarBrenda
12/08/2021 22:35:41 - 1075890445 - Brenda digitou comando /valorTotal
12/08/2021 22:35:42 - 1075890445 - Brenda digitou comando /guardarBrenda
12/08/2021 22:37:11 - 1075890445 - Brenda digitou comando /guardarBrenda
12/08/2021 22:37:30 - 1075890445 - Brenda digitou comando /guardarBrenda
12/08/2021 22:37:41 - 1044845563 - Fernando digitou comando /valorTotal
12/08/2021 22:37:43 - 1075890445 - Brenda digitou comando /valorTotal
12/08/2021 22:38:31 - 1044845563 - Fernando digitou comando /guardarRendimento
12/08/2021 22:38:40 - 1044845563 - Fernando digitou comando /valorTotal
12/08/2021 22:43:00 - 1044845563 - Fernando digitou comando /help
12/08/2021 22:43:04 - 1044845563 - Fernando digitou comando /relacaoMensal
14/08/2021 11:11:18 - 1044845563 - Fernando digitou comando /valorTotal
19/08/2021 21:57:20 - 1044845563 - Fernando digitou comando /guardarBrenda
19/08/2021 21:57:26 - 1044845563 - Fernando digitou comando /valorTotal
19/08/2021 21:58:09 - 1044845563 - Fernando digitou comando /help
19/08/2021 21:58:21 - 1044845563 - Fernando digitou comando /guardarRendimento
19/08/2021 21:58:24 - 1044845563 - Fernando digitou comando /valorTotal
21/08/2021 18:44:50 - 1044845563 - Fernando digitou comando /guardarBrenda
21/08/2021 18:44:57 - 1044845563 - Fernando digitou comando /valorTotal
22/08/2021 16:27:07 - 1044845563 - Fernando digitou comando /guardarRendimento
22/08/2021 16:27:13 - 1044845563 - Fernando digitou comando /valorTotal
23/08/2021 16:50:18 - 1075890445 - Brenda digitou comando /guardarBrenda
23/08/2021 16:50:27 - 1075890445 - Brenda digitou comando /valorTotal
23/08/2021 16:52:23 - 1044845563 - Fernando digitou comando /help
23/08/2021 16:52:25 - 1044845563 - Fernando digitou comando /relacaoBrenda
23/08/2021 16:52:31 - 1044845563 - Fernando digitou comando /relacaoMensal
09/09/2021 20:17:57 - 1044845563 - Fernando digitou comando /valorTotal
09/09/2021 20:18:03 - 1044845563 - Fernando digitou comando /help
09/09/2021 20:18:13 - 1044845563 - Fernando digitou comando /guardarFernando
09/09/2021 20:18:23 - 1044845563 - Fernando digitou comando /valorTotal
09/09/2021 20:19:12 - 1044845563 - Fernando digitou comando /guardarRendimento
09/09/2021 20:19:17 - 1044845563 - Fernando digitou comando /valorTotal
27/09/2021 21:08:59 - 1044845563 - Fernando digitou comando /valorTotal
27/09/2021 21:10:44 - 1044845563 - Fernando digitou comando /help
27/09/2021 21:10:47 - 1044845563 - Fernando digitou comando /valorTotal
27/09/2021 21:12:10 - 1044845563 - Fernando digitou comando /valorTotal
27/09/2021 21:13:03 - 1044845563 - Fernando digitou comando /valorTotal
27/09/2021 21:17:44 - 1044845563 - Fernando digitou comando /help
27/09/2021 21:17:52 - 1044845563 - Fernando digitou comando /relacaoMensal
27/09/2021 21:58:15 - 1044845563 - Fernando digitou comando /help
27/09/2021 21:58:16 - 1044845563 - Fernando digitou comando /help
27/09/2021 21:58:16 - 1044845563 - Fernando digitou comando /help
27/09/2021 21:58:17 - 1044845563 - Fernando digitou comando /help
27/09/2021 21:58:17 - 1044845563 - Fernando digitou comando /help
27/09/2021 21:58:18 - 1044845563 - Fernando digitou comando /help
27/09/2021 21:58:18 - 1044845563 - Fernando digitou comando /help
27/09/2021 21:58:18 - 1044845563 - Fernando digitou comando /help
27/09/2021 21:58:39 - 1044845563 - Fernando digitou comando /valorTotal
27/09/2021 21:58:58 - 1044845563 - Fernando digitou comando /guardarRendimento
27/09/2021 21:59:01 - 1044845563 - Fernando digitou comando /valorTotal
27/09/2021 22:08:22 - 1044845563 - Fernando digitou comando /help
27/09/2021 22:08:42 - 1044845563 - Fernando digitou comando /help
27/09/2021 22:10:34 - 1044845563 - Fernando digitou comando /relacaoMensal
27/09/2021 22:10:44 - 1044845563 - Fernando digitou comando /relacaoFernando
27/09/2021 22:10:50 - 1044845563 - Fernando digitou comando /relacaoBrenda
27/09/2021 22:11:03 - 1044845563 - Fernando digitou comando /help
27/09/2021 22:11:10 - 1044845563 - Fernando digitou comando /relacaoMensal
27/09/2021 22:11:46 - 1044845563 - Fernando digitou comando /relacaoMensal
08/11/2021 21:02:18 - 1044845563 - Fernando digitou comando /guardarFernando
08/11/2021 21:02:30 - 1044845563 - Fernando digitou comando /valorTotal
08/11/2021 21:03:10 - 1044845563 - Fernando digitou comando /help
08/11/2021 21:03:22 - 1044845563 - Fernando digitou comando /guardarRendimento
08/11/2021 21:03:27 - 1044845563 - Fernando digitou comando /valorTotal
12/11/2021 14:13:27 - 1044845563 - Fernando digitou comando /guardarBrenda
12/11/2021 14:13:34 - 1044845563 - Fernando digitou comando /valorTotal
12/11/2021 14:14:24 - 1044845563 - Fernando digitou comando /guardarRendimento
12/11/2021 14:14:26 - 1044845563 - Fernando digitou comando /valorTotal
19/11/2021 16:58:26 - 1044845563 - Fernando digitou comando /guardarBrenda
19/11/2021 16:58:59 - 1044845563 - Fernando digitou comando /valorTotal
19/11/2021 16:59:34 - 1044845563 - Fernando digitou comando /guardarRendimento
19/11/2021 16:59:38 - 1044845563 - Fernando digitou comando /valorTotal
03/12/2021 18:56:47 - 1044845563 - Fernando digitou comando /guardarFernando
03/12/2021 18:56:52 - 1044845563 - Fernando digitou comando /valorTotal
03/12/2021 18:57:42 - 1044845563 - Fernando digitou comando /guardarRendimento
03/12/2021 19:00:14 - 1044845563 - Fernando digitou comando /guardarRendimento
03/12/2021 19:00:18 - 1044845563 - Fernando digitou comando /valorTotal
14/12/2021 09:12:19 - 1044845563 - Fernando digitou comando /guardarBrenda
14/12/2021 09:12:33 - 1044845563 - Fernando digitou comando /valorTotal
14/12/2021 09:12:49 - 1044845563 - Fernando digitou comando /guardarRendimento
14/12/2021 09:12:53 - 1044845563 - Fernando digitou comando /valorTotal
14/12/2021 09:13:31 - 1044845563 - Fernando digitou comando /help
14/12/2021 09:13:34 - 1044845563 - Fernando digitou comando /relacaoBrenda
14/12/2021 09:13:44 - 1044845563 - Fernando digitou comando /relacaoMensal
20/12/2021 20:31:56 - 1044845563 - Fernando digitou comando /guardarBrenda
20/12/2021 20:32:03 - 1044845563 - Fernando digitou comando /valorTotal
20/12/2021 20:32:51 - 1044845563 - Fernando digitou comando /guardarRendimento
20/12/2021 20:32:56 - 1044845563 - Fernando digitou comando /valorTotal
21/12/2021 16:50:55 - 1044845563 - Fernando digitou comando /guardarBrenda
21/12/2021 16:57:50 - 1044845563 - Fernando digitou comando /guardarFernando
21/12/2021 16:57:54 - 1044845563 - Fernando digitou comando /valorTotal
21/12/2021 16:58:24 - 1044845563 - Fernando digitou comando /guardarRendimento
21/12/2021 16:58:35 - 1044845563 - Fernando digitou comando /valorTotal
21/12/2021 16:58:43 - 1044845563 - Fernando digitou comando /guardarRendimento
21/12/2021 16:58:48 - 1044845563 - Fernando digitou comando /valorTotal
23/12/2021 12:29:49 - 1044845563 - Fernando digitou comando /guardarBrenda
23/12/2021 12:30:29 - 1044845563 - Fernando digitou comando /valorTotal
23/12/2021 12:31:28 - 1044845563 - Fernando digitou comando /guardarRendimento
23/12/2021 12:31:35 - 1044845563 - Fernando digitou comando /valorTotal
23/12/2021 15:20:48 - 1044845563 - Fernando digitou comando /guardarBrenda
23/12/2021 15:20:53 - 1044845563 - Fernando digitou comando /valorTotal
23/12/2021 19:33:50 - 1044845563 - Fernando digitou comando /guardarBrenda
23/12/2021 19:33:54 - 1044845563 - Fernando digitou comando /valorTotal
09/01/2022 23:19:35 - 1044845563 - Fernando digitou comando /guardarBrenda
09/01/2022 23:19:37 - 1044845563 - Fernando digitou comando /guardarFernando
09/01/2022 23:19:38 - 1044845563 - Fernando digitou comando /help
09/01/2022 23:19:44 - 1044845563 - Fernando digitou comando /valorTotal
09/01/2022 23:20:10 - 1044845563 - Fernando digitou comando /guardarRendimento
09/01/2022 23:20:13 - 1044845563 - Fernando digitou comando /valorTotal
10/01/2022 21:34:21 - 1044845563 - Fernando digitou comando /valorTotal
10/01/2022 21:34:59 - 1044845563 - Fernando digitou comando /guardarBrenda
10/01/2022 21:35:04 - 1044845563 - Fernando digitou comando /valorTotal
10/01/2022 21:35:50 - 1044845563 - Fernando digitou comando /guardarRendimento
10/01/2022 21:35:55 - 1044845563 - Fernando digitou comando /valorTotal
13/01/2022 17:00:58 - 1044845563 - Fernando digitou comando /help
13/01/2022 17:01:10 - 1044845563 - Fernando digitou comando /guardarFernando
13/01/2022 17:01:17 - 1044845563 - Fernando digitou comando /valorTotal
13/01/2022 17:01:48 - 1044845563 - Fernando digitou comando /guardarRendimento
13/01/2022 17:01:51 - 1044845563 - Fernando digitou comando /valorTotal
